[    15.389] (--) Log file renamed from "/home/brett/.local/share/xorg/Xorg.pid-1101.log" to "/home/brett/.local/share/xorg/Xorg.0.log"
[    15.391] (WW) Failed to open protocol names file lib/xorg/protocol.txt
[    15.392] 
X.Org X Server 1.20.10
X Protocol Version 11, Revision 0
[    15.392] Build Operating System: Linux Arch Linux
[    15.392] Current Operating System: Linux brett-inspiron3470 5.10.15-arch1-1 #1 SMP PREEMPT Wed, 10 Feb 2021 18:32:40 +0000 x86_64
[    15.392] Kernel command line: BOOT_IMAGE=/boot/vmlinuz-linux root=UUID=b9490bbf-d77e-43a6-ad2f-a3cc21ac91f6 rw quiet loglevel=3 audit=0
[    15.392] Build Date: 14 December 2020  12:10:29PM
[    15.392]  
[    15.392] Current version of pixman: 0.40.0
[    15.392] 	Before reporting problems, check http://wiki.x.org
	to make sure that you have the latest version.
[    15.392] Markers: (--) probed, (**) from config file, (==) default setting,
	(++) from command line, (!!) notice, (II) informational,
	(WW) warning, (EE) error, (NI) not implemented, (??) unknown.
[    15.393] (==) Log file: "/home/brett/.local/share/xorg/Xorg.0.log", Time: Thu Feb 11 18:41:45 2021
[    15.394] (==) Using config directory: "/etc/X11/xorg.conf.d"
[    15.394] (==) Using system config directory "/usr/share/X11/xorg.conf.d"
[    15.397] (==) No Layout section.  Using the first Screen section.
[    15.397] (==) No screen section available. Using defaults.
[    15.397] (**) |-->Screen "Default Screen Section" (0)
[    15.397] (**) |   |-->Monitor "<default monitor>"
[    15.397] (==) No monitor specified for screen "Default Screen Section".
	Using a default monitor configuration.
[    15.397] (**) Option "DontZap" "false"
[    15.397] (==) Automatically adding devices
[    15.397] (==) Automatically enabling devices
[    15.397] (==) Automatically adding GPU devices
[    15.397] (==) Automatically binding GPU devices
[    15.397] (==) Max clients allowed: 256, resource mask: 0x1fffff
[    15.397] (WW) The directory "/usr/share/fonts/Type1" does not exist.
[    15.397] 	Entry deleted from font path.
[    15.397] (WW) The directory "/usr/share/fonts/100dpi" does not exist.
[    15.398] 	Entry deleted from font path.
[    15.398] (WW) The directory "/usr/share/fonts/75dpi" does not exist.
[    15.398] 	Entry deleted from font path.
[    15.398] (==) FontPath set to:
	/usr/share/fonts/misc,
	/usr/share/fonts/TTF,
	/usr/share/fonts/OTF
[    15.398] (==) ModulePath set to "/usr/lib/xorg/modules"
[    15.398] (II) The server relies on udev to provide the list of input devices.
	If no devices become available, reconfigure udev or disable AutoAddDevices.
[    15.398] (II) Module ABI versions:
[    15.398] 	X.Org ANSI C Emulation: 0.4
[    15.398] 	X.Org Video Driver: 24.1
[    15.398] 	X.Org XInput driver : 24.1
[    15.398] 	X.Org Server Extension : 10.0
[    15.399] (++) using VT number 2

[    15.404] (II) systemd-logind: took control of session /org/freedesktop/login1/session/_33
[    15.406] (II) xfree86: Adding drm device (/dev/dri/card0)
[    15.407] (II) systemd-logind: got fd for /dev/dri/card0 226:0 fd 11 paused 0
[    15.412] (--) PCI:*(0@0:2:0) 8086:3e92:1028:086b rev 0, Mem @ 0xd0000000/16777216, 0xc0000000/268435456, I/O @ 0x00004000/64, BIOS @ 0x????????/131072
[    15.413] (WW) Open ACPI failed (/var/run/acpid.socket) (No such file or directory)
[    15.413] (II) LoadModule: "glx"
[    15.415] (II) Loading /usr/lib/xorg/modules/extensions/libglx.so
[    15.420] (II) Module glx: vendor="X.Org Foundation"
[    15.420] 	compiled for 1.20.10, module version = 1.0.0
[    15.420] 	ABI class: X.Org Server Extension, version 10.0
[    15.420] (==) Matched intel as autoconfigured driver 0
[    15.420] (==) Matched modesetting as autoconfigured driver 1
[    15.420] (==) Matched fbdev as autoconfigured driver 2
[    15.420] (==) Matched vesa as autoconfigured driver 3
[    15.420] (==) Assigned the driver to the xf86ConfigLayout
[    15.420] (II) LoadModule: "intel"
[    15.421] (WW) Warning, couldn't open module intel
[    15.421] (EE) Failed to load module "intel" (module does not exist, 0)
[    15.421] (II) LoadModule: "modesetting"
[    15.421] (II) Loading /usr/lib/xorg/modules/drivers/modesetting_drv.so
[    15.424] (II) Module modesetting: vendor="X.Org Foundation"
[    15.424] 	compiled for 1.20.10, module version = 1.20.10
[    15.424] 	Module class: X.Org Video Driver
[    15.424] 	ABI class: X.Org Video Driver, version 24.1
[    15.424] (II) LoadModule: "fbdev"
[    15.424] (II) Loading /usr/lib/xorg/modules/drivers/fbdev_drv.so
[    15.425] (II) Module fbdev: vendor="X.Org Foundation"
[    15.425] 	compiled for 1.20.8, module version = 0.5.0
[    15.425] 	Module class: X.Org Video Driver
[    15.425] 	ABI class: X.Org Video Driver, version 24.1
[    15.425] (II) LoadModule: "vesa"
[    15.425] (II) Loading /usr/lib/xorg/modules/drivers/vesa_drv.so
[    15.426] (II) Module vesa: vendor="X.Org Foundation"
[    15.426] 	compiled for 1.20.9, module version = 2.5.0
[    15.426] 	Module class: X.Org Video Driver
[    15.426] 	ABI class: X.Org Video Driver, version 24.1
[    15.426] (II) modesetting: Driver for Modesetting Kernel Drivers: kms
[    15.426] (II) FBDEV: driver for framebuffer: fbdev
[    15.426] (II) VESA: driver for VESA chipsets: vesa
[    15.427] xf86EnableIOPorts: failed to set IOPL for I/O (Operation not permitted)
[    15.427] (II) modeset(0): using drv /dev/dri/card0
[    15.427] (WW) Falling back to old probe method for fbdev
[    15.427] (II) Loading sub module "fbdevhw"
[    15.427] (II) LoadModule: "fbdevhw"
[    15.427] (II) Loading /usr/lib/xorg/modules/libfbdevhw.so
[    15.428] (II) Module fbdevhw: vendor="X.Org Foundation"
[    15.428] 	compiled for 1.20.10, module version = 0.0.2
[    15.428] 	ABI class: X.Org Video Driver, version 24.1
[    15.428] (WW) VGA arbiter: cannot open kernel arbiter, no multi-card support
[    15.428] (II) modeset(0): Creating default Display subsection in Screen section
	"Default Screen Section" for depth/fbbpp 24/32
[    15.428] (==) modeset(0): Depth 24, (==) framebuffer bpp 32
[    15.428] (==) modeset(0): RGB weight 888
[    15.428] (==) modeset(0): Default visual is TrueColor
[    15.428] (II) Loading sub module "glamoregl"
[    15.428] (II) LoadModule: "glamoregl"
[    15.428] (II) Loading /usr/lib/xorg/modules/libglamoregl.so
[    15.438] (II) Module glamoregl: vendor="X.Org Foundation"
[    15.438] 	compiled for 1.20.10, module version = 1.0.1
[    15.438] 	ABI class: X.Org ANSI C Emulation, version 0.4
[    15.484] (II) modeset(0): glamor X acceleration enabled on Mesa Intel(R) UHD Graphics 630 (CFL GT2)
[    15.484] (II) modeset(0): glamor initialized
[    15.484] (II) modeset(0): Output DP-1 has no monitor section
[    15.512] (II) modeset(0): Output HDMI-1 has no monitor section
[    15.512] (II) modeset(0): Output DP-2 has no monitor section
[    15.512] (II) modeset(0): EDID for output DP-1
[    15.539] (II) modeset(0): EDID for output HDMI-1
[    15.539] (II) modeset(0): Manufacturer: GSM  Model: 1  Serial#: 16843009
[    15.539] (II) modeset(0): Year: 2017  Week: 1
[    15.539] (II) modeset(0): EDID Version: 1.3
[    15.539] (II) modeset(0): Digital Display Input
[    15.539] (II) modeset(0): Max Image Size [cm]: horiz.: 160  vert.: 90
[    15.539] (II) modeset(0): Gamma: 2.20
[    15.539] (II) modeset(0): No DPMS capabilities specified
[    15.539] (II) modeset(0): Supported color encodings: RGB 4:4:4 YCrCb 4:4:4 
[    15.539] (II) modeset(0): First detailed timing is preferred mode
[    15.539] (II) modeset(0): redX: 0.640 redY: 0.330   greenX: 0.300 greenY: 0.600
[    15.539] (II) modeset(0): blueX: 0.150 blueY: 0.060   whiteX: 0.312 whiteY: 0.329
[    15.539] (II) modeset(0): Supported established timings:
[    15.539] (II) modeset(0): 720x400@70Hz
[    15.539] (II) modeset(0): 640x480@60Hz
[    15.539] (II) modeset(0): 800x600@60Hz
[    15.539] (II) modeset(0): 1024x768@60Hz
[    15.539] (II) modeset(0): Manufacturer's mask: 0
[    15.539] (II) modeset(0): Supported standard timings:
[    15.539] (II) modeset(0): #0: hsize: 640  vsize 480  refresh: 60  vid: 16433
[    15.539] (II) modeset(0): #1: hsize: 800  vsize 600  refresh: 60  vid: 16453
[    15.539] (II) modeset(0): #2: hsize: 1024  vsize 768  refresh: 60  vid: 16481
[    15.539] (II) modeset(0): #3: hsize: 1152  vsize 864  refresh: 60  vid: 16497
[    15.539] (II) modeset(0): #4: hsize: 1280  vsize 1024  refresh: 60  vid: 32897
[    15.539] (II) modeset(0): Supported detailed timing:
[    15.539] (II) modeset(0): clock: 148.5 MHz   Image Size:  160 x 90 mm
[    15.539] (II) modeset(0): h_active: 1920  h_sync: 2008  h_sync_end 2052 h_blank_end 2200 h_border: 0
[    15.539] (II) modeset(0): v_active: 1080  v_sync: 1084  v_sync_end 1089 v_blanking: 1125 v_border: 0
[    15.539] (II) modeset(0): Supported detailed timing:
[    15.539] (II) modeset(0): clock: 85.5 MHz   Image Size:  160 x 90 mm
[    15.539] (II) modeset(0): h_active: 1360  h_sync: 1424  h_sync_end 1536 h_blank_end 1792 h_border: 0
[    15.539] (II) modeset(0): v_active: 768  v_sync: 771  v_sync_end 777 v_blanking: 795 v_border: 0
[    15.539] (II) modeset(0): Ranges: V min: 58 V max: 62 Hz, H min: 30 H max: 83 kHz, PixClock max 165 MHz
[    15.539] (II) modeset(0): Monitor name: LG TV
[    15.539] (II) modeset(0): Supported detailed timing:
[    15.539] (II) modeset(0): clock: 74.2 MHz   Image Size:  160 x 90 mm
[    15.539] (II) modeset(0): h_active: 1920  h_sync: 2008  h_sync_end 2052 h_blank_end 2200 h_border: 0
[    15.539] (II) modeset(0): v_active: 540  v_sync: 542  v_sync_end 547 v_blanking: 562 v_border: 0
[    15.539] (II) modeset(0): Supported detailed timing:
[    15.539] (II) modeset(0): clock: 74.2 MHz   Image Size:  160 x 90 mm
[    15.539] (II) modeset(0): h_active: 1280  h_sync: 1390  h_sync_end 1526 h_blank_end 1664 h_border: 0
[    15.539] (II) modeset(0): v_active: 720  v_sync: 725  v_sync_end 730 v_blanking: 746 v_border: 0
[    15.539] (II) modeset(0): Supported detailed timing:
[    15.539] (II) modeset(0): clock: 148.5 MHz   Image Size:  160 x 90 mm
[    15.539] (II) modeset(0): h_active: 1920  h_sync: 2008  h_sync_end 2052 h_blank_end 2200 h_border: 0
[    15.539] (II) modeset(0): v_active: 1080  v_sync: 1084  v_sync_end 1089 v_blanking: 1125 v_border: 0
[    15.539] (II) modeset(0): Supported detailed timing:
[    15.539] (II) modeset(0): clock: 85.5 MHz   Image Size:  160 x 90 mm
[    15.539] (II) modeset(0): h_active: 1360  h_sync: 1424  h_sync_end 1536 h_blank_end 1792 h_border: 0
[    15.539] (II) modeset(0): v_active: 768  v_sync: 771  v_sync_end 777 v_blanking: 795 v_border: 0
[    15.539] (II) modeset(0): Number of EDID sections to follow: 1
[    15.539] (II) modeset(0): EDID (in hex):
[    15.539] (II) modeset(0): 	00ffffffffffff001e6d010001010101
[    15.539] (II) modeset(0): 	011b010380a05a780aee91a3544c9926
[    15.539] (II) modeset(0): 	0f5054a1080031404540614071408180
[    15.539] (II) modeset(0): 	010101010101023a801871382d40582c
[    15.539] (II) modeset(0): 	4500a05a0000001e662150b051001b30
[    15.539] (II) modeset(0): 	40703600a05a0000001e000000fd003a
[    15.539] (II) modeset(0): 	3e1e5310000a202020202020000000fc
[    15.539] (II) modeset(0): 	004c472054560a20202020202020013e
[    15.539] (II) modeset(0): 	02032cf14e109f041305140302122021
[    15.539] (II) modeset(0): 	2215012c3d06c0150750095707550701
[    15.539] (II) modeset(0): 	67030c002000801ee3050000011d8018
[    15.540] (II) modeset(0): 	711c1620582c2500a05a0000009e011d
[    15.540] (II) modeset(0): 	008051d01a206e885500a05a0000001a
[    15.540] (II) modeset(0): 	023a801871382d40582c4500a05a0000
[    15.540] (II) modeset(0): 	001e662150b051001b3040703600a05a
[    15.540] (II) modeset(0): 	0000001e0000000000000000000000a8
[    15.540] (--) modeset(0): HDMI max TMDS frequency 150000KHz
[    15.540] (II) modeset(0): Printing probed modes for output HDMI-1
[    15.540] (II) modeset(0): Modeline "1920x1080"x60.0  148.50  1920 2008 2052 2200  1080 1084 1089 1125 +hsync +vsync (67.5 kHz eP)
[    15.540] (II) modeset(0): Modeline "1920x1080"x50.0  148.50  1920 2448 2492 2640  1080 1084 1089 1125 +hsync +vsync (56.2 kHz e)
[    15.540] (II) modeset(0): Modeline "1920x1080"x59.9  148.35  1920 2008 2052 2200  1080 1084 1089 1125 +hsync +vsync (67.4 kHz e)
[    15.540] (II) modeset(0): Modeline "1920x1080i"x60.0   74.25  1920 2008 2052 2200  1080 1084 1094 1125 interlace +hsync +vsync (33.8 kHz e)
[    15.540] (II) modeset(0): Modeline "1920x1080i"x50.0   74.25  1920 2448 2492 2640  1080 1084 1094 1125 interlace +hsync +vsync (28.1 kHz e)
[    15.540] (II) modeset(0): Modeline "1920x1080"x30.0   74.25  1920 2008 2052 2200  1080 1084 1089 1125 +hsync +vsync (33.8 kHz e)
[    15.540] (II) modeset(0): Modeline "1920x1080"x25.0   74.25  1920 2448 2492 2640  1080 1084 1089 1125 +hsync +vsync (28.1 kHz e)
[    15.540] (II) modeset(0): Modeline "1920x1080"x24.0   74.25  1920 2558 2602 2750  1080 1084 1089 1125 +hsync +vsync (27.0 kHz e)
[    15.540] (II) modeset(0): Modeline "1920x1080i"x59.9   74.18  1920 2008 2052 2200  1080 1084 1094 1125 interlace +hsync +vsync (33.7 kHz e)
[    15.540] (II) modeset(0): Modeline "1920x1080"x30.0   74.18  1920 2008 2052 2200  1080 1084 1089 1125 +hsync +vsync (33.7 kHz e)
[    15.540] (II) modeset(0): Modeline "1920x1080"x24.0   74.18  1920 2558 2602 2750  1080 1084 1089 1125 +hsync +vsync (27.0 kHz e)
[    15.540] (II) modeset(0): Modeline "1280x1024"x60.0  108.00  1280 1328 1440 1688  1024 1025 1028 1066 +hsync +vsync (64.0 kHz e)
[    15.540] (II) modeset(0): Modeline "1360x768"x60.0   85.50  1360 1424 1536 1792  768 771 777 795 +hsync +vsync (47.7 kHz e)
[    15.540] (II) modeset(0): Modeline "1280x720"x59.8   74.25  1280 1390 1526 1664  720 725 730 746 +hsync -vsync (44.6 kHz e)
[    15.540] (II) modeset(0): Modeline "1280x720"x60.0   74.25  1280 1390 1430 1650  720 725 730 750 +hsync +vsync (45.0 kHz e)
[    15.540] (II) modeset(0): Modeline "1280x720"x50.0   74.25  1280 1720 1760 1980  720 725 730 750 +hsync +vsync (37.5 kHz e)
[    15.540] (II) modeset(0): Modeline "1280x720"x59.9   74.18  1280 1390 1430 1650  720 725 730 750 +hsync +vsync (45.0 kHz e)
[    15.540] (II) modeset(0): Modeline "1024x768"x60.0   65.00  1024 1048 1184 1344  768 771 777 806 -hsync -vsync (48.4 kHz e)
[    15.540] (II) modeset(0): Modeline "800x600"x60.3   40.00  800 840 968 1056  600 601 605 628 +hsync +vsync (37.9 kHz e)
[    15.540] (II) modeset(0): Modeline "720x576"x50.0   27.00  720 732 796 864  576 581 586 625 -hsync -vsync (31.2 kHz e)
[    15.540] (II) modeset(0): Modeline "720x576i"x50.0   13.50  720 732 795 864  576 580 586 625 interlace -hsync -vsync (15.6 kHz e)
[    15.540] (II) modeset(0): Modeline "720x480"x60.0   27.03  720 736 798 858  480 489 495 525 -hsync -vsync (31.5 kHz e)
[    15.540] (II) modeset(0): Modeline "720x480"x59.9   27.00  720 736 798 858  480 489 495 525 -hsync -vsync (31.5 kHz e)
[    15.540] (II) modeset(0): Modeline "640x480"x60.0   25.20  640 656 752 800  480 490 492 525 -hsync -vsync (31.5 kHz e)
[    15.540] (II) modeset(0): Modeline "640x480"x59.9   25.18  640 656 752 800  480 490 492 525 -hsync -vsync (31.5 kHz e)
[    15.540] (II) modeset(0): Modeline "720x400"x70.1   28.32  720 738 846 900  400 412 414 449 -hsync +vsync (31.5 kHz e)
[    15.540] (II) modeset(0): EDID for output DP-2
[    15.540] (II) modeset(0): Output DP-1 disconnected
[    15.540] (II) modeset(0): Output HDMI-1 connected
[    15.540] (II) modeset(0): Output DP-2 disconnected
[    15.540] (II) modeset(0): Using exact sizes for initial modes
[    15.540] (II) modeset(0): Output HDMI-1 using initial mode 1920x1080 +0+0
[    15.540] (==) modeset(0): Using gamma correction (1.0, 1.0, 1.0)
[    15.540] (==) modeset(0): DPI set to (96, 96)
[    15.540] (II) Loading sub module "fb"
[    15.540] (II) LoadModule: "fb"
[    15.540] (II) Loading /usr/lib/xorg/modules/libfb.so
[    15.542] (II) Module fb: vendor="X.Org Foundation"
[    15.542] 	compiled for 1.20.10, module version = 1.0.0
[    15.542] 	ABI class: X.Org ANSI C Emulation, version 0.4
[    15.542] (II) UnloadModule: "fbdev"
[    15.542] (II) Unloading fbdev
[    15.543] (II) UnloadSubModule: "fbdevhw"
[    15.543] (II) Unloading fbdevhw
[    15.543] (II) UnloadModule: "vesa"
[    15.543] (II) Unloading vesa
[    15.568] (==) modeset(0): Backing store enabled
[    15.568] (==) modeset(0): Silken mouse disabled
[    15.706] (II) modeset(0): Initializing kms color map for depth 24, 8 bpc.
[    15.706] (==) modeset(0): DPMS enabled
[    15.706] (II) modeset(0): [DRI2] Setup complete
[    15.706] (II) modeset(0): [DRI2]   DRI driver: iris
[    15.706] (II) modeset(0): [DRI2]   VDPAU driver: va_gl
[    15.706] (II) Initializing extension Generic Event Extension
[    15.706] (II) Initializing extension SHAPE
[    15.706] (II) Initializing extension MIT-SHM
[    15.706] (II) Initializing extension XInputExtension
[    15.706] (II) Initializing extension XTEST
[    15.706] (II) Initializing extension BIG-REQUESTS
[    15.706] (II) Initializing extension SYNC
[    15.706] (II) Initializing extension XKEYBOARD
[    15.706] (II) Initializing extension XC-MISC
[    15.706] (II) Initializing extension SECURITY
[    15.706] (II) Initializing extension XFIXES
[    15.706] (II) Initializing extension RENDER
[    15.706] (II) Initializing extension RANDR
[    15.706] (II) Initializing extension COMPOSITE
[    15.706] (II) Initializing extension DAMAGE
[    15.706] (II) Initializing extension MIT-SCREEN-SAVER
[    15.707] (II) Initializing extension DOUBLE-BUFFER
[    15.707] (II) Initializing extension RECORD
[    15.707] (II) Initializing extension DPMS
[    15.707] (II) Initializing extension Present
[    15.707] (II) Initializing extension DRI3
[    15.707] (II) Initializing extension X-Resource
[    15.707] (II) Initializing extension XVideo
[    15.707] (II) Initializing extension XVideo-MotionCompensation
[    15.707] (II) Initializing extension GLX
[    15.728] (II) AIGLX: Loaded and initialized iris
[    15.728] (II) GLX: Initialized DRI2 GL provider for screen 0
[    15.728] (II) Initializing extension XFree86-VidModeExtension
[    15.728] (II) Initializing extension XFree86-DGA
[    15.728] (II) Initializing extension XFree86-DRI
[    15.728] (II) Initializing extension DRI2
[    15.731] (II) modeset(0): Damage tracking initialized
[    15.731] (II) modeset(0): Setting screen physical size to 508 x 285
[    15.780] (II) config/udev: Adding input device Power Button (/dev/input/event2)
[    15.780] (**) Power Button: Applying InputClass "evdev keyboard catchall"
[    15.780] (**) Power Button: Applying InputClass "libinput keyboard catchall"
[    15.780] (**) Power Button: Applying InputClass "system-keyboard"
[    15.780] (**) Power Button: Applying InputClass "Keyboard Defaults"
[    15.780] (II) LoadModule: "libinput"
[    15.780] (II) Loading /usr/lib/xorg/modules/input/libinput_drv.so
[    15.782] (II) Module libinput: vendor="X.Org Foundation"
[    15.782] 	compiled for 1.20.8, module version = 0.30.0
[    15.782] 	Module class: X.Org XInput Driver
[    15.782] 	ABI class: X.Org XInput driver, version 24.1
[    15.782] (II) Using input driver 'libinput' for 'Power Button'
[    15.783] (II) systemd-logind: got fd for /dev/input/event2 13:66 fd 20 paused 0
[    15.783] (**) Power Button: always reports core events
[    15.783] (**) Option "Device" "/dev/input/event2"
[    15.783] (**) Option "_source" "server/udev"
[    15.784] (II) event2  - Power Button: is tagged by udev as: Keyboard
[    15.784] (II) event2  - Power Button: device is a keyboard
[    15.784] (II) event2  - Power Button: device removed
[    15.784] (**) Option "config_info" "udev:/sys/devices/LNXSYSTM:00/LNXPWRBN:00/input/input2/event2"
[    15.784] (II) XINPUT: Adding extended input device "Power Button" (type: KEYBOARD, id 6)
[    15.784] (**) Option "xkb_layout" "us"
[    15.784] (**) Option "xkb_options" "terminate:ctrl_alt_bksp"
[    15.797] (II) event2  - Power Button: is tagged by udev as: Keyboard
[    15.797] (II) event2  - Power Button: device is a keyboard
[    15.797] (II) config/udev: Adding input device Video Bus (/dev/input/event7)
[    15.797] (**) Video Bus: Applying InputClass "evdev keyboard catchall"
[    15.797] (**) Video Bus: Applying InputClass "libinput keyboard catchall"
[    15.797] (**) Video Bus: Applying InputClass "system-keyboard"
[    15.797] (**) Video Bus: Applying InputClass "Keyboard Defaults"
[    15.797] (II) Using input driver 'libinput' for 'Video Bus'
[    15.798] (II) systemd-logind: got fd for /dev/input/event7 13:71 fd 23 paused 0
[    15.798] (**) Video Bus: always reports core events
[    15.798] (**) Option "Device" "/dev/input/event7"
[    15.798] (**) Option "_source" "server/udev"
[    15.798] (II) event7  - Video Bus: is tagged by udev as: Keyboard
[    15.798] (II) event7  - Video Bus: device is a keyboard
[    15.798] (II) event7  - Video Bus: device removed
[    15.798] (**) Option "config_info" "udev:/sys/devices/LNXSYSTM:00/LNXSYBUS:00/PNP0A08:00/LNXVIDEO:00/input/input8/event7"
[    15.798] (II) XINPUT: Adding extended input device "Video Bus" (type: KEYBOARD, id 7)
[    15.798] (**) Option "xkb_layout" "us"
[    15.798] (**) Option "xkb_options" "terminate:ctrl_alt_bksp"
[    15.799] (II) event7  - Video Bus: is tagged by udev as: Keyboard
[    15.799] (II) event7  - Video Bus: device is a keyboard
[    15.799] (II) config/udev: Adding input device Power Button (/dev/input/event1)
[    15.799] (**) Power Button: Applying InputClass "evdev keyboard catchall"
[    15.799] (**) Power Button: Applying InputClass "libinput keyboard catchall"
[    15.799] (**) Power Button: Applying InputClass "system-keyboard"
[    15.799] (**) Power Button: Applying InputClass "Keyboard Defaults"
[    15.799] (II) Using input driver 'libinput' for 'Power Button'
[    15.800] (II) systemd-logind: got fd for /dev/input/event1 13:65 fd 24 paused 0
[    15.800] (**) Power Button: always reports core events
[    15.800] (**) Option "Device" "/dev/input/event1"
[    15.800] (**) Option "_source" "server/udev"
[    15.800] (II) event1  - Power Button: is tagged by udev as: Keyboard
[    15.800] (II) event1  - Power Button: device is a keyboard
[    15.800] (II) event1  - Power Button: device removed
[    15.800] (**) Option "config_info" "udev:/sys/devices/LNXSYSTM:00/LNXSYBUS:00/PNP0C0C:00/input/input1/event1"
[    15.800] (II) XINPUT: Adding extended input device "Power Button" (type: KEYBOARD, id 8)
[    15.800] (**) Option "xkb_layout" "us"
[    15.800] (**) Option "xkb_options" "terminate:ctrl_alt_bksp"
[    15.801] (II) event1  - Power Button: is tagged by udev as: Keyboard
[    15.801] (II) event1  - Power Button: device is a keyboard
[    15.801] (II) config/udev: Adding input device Sleep Button (/dev/input/event0)
[    15.801] (**) Sleep Button: Applying InputClass "evdev keyboard catchall"
[    15.801] (**) Sleep Button: Applying InputClass "libinput keyboard catchall"
[    15.801] (**) Sleep Button: Applying InputClass "system-keyboard"
[    15.801] (**) Sleep Button: Applying InputClass "Keyboard Defaults"
[    15.801] (II) Using input driver 'libinput' for 'Sleep Button'
[    15.802] (II) systemd-logind: got fd for /dev/input/event0 13:64 fd 25 paused 0
[    15.802] (**) Sleep Button: always reports core events
[    15.802] (**) Option "Device" "/dev/input/event0"
[    15.802] (**) Option "_source" "server/udev"
[    15.802] (II) event0  - Sleep Button: is tagged by udev as: Keyboard
[    15.802] (II) event0  - Sleep Button: device is a keyboard
[    15.802] (II) event0  - Sleep Button: device removed
[    15.802] (**) Option "config_info" "udev:/sys/devices/LNXSYSTM:00/LNXSYBUS:00/PNP0C0E:00/input/input0/event0"
[    15.802] (II) XINPUT: Adding extended input device "Sleep Button" (type: KEYBOARD, id 9)
[    15.802] (**) Option "xkb_layout" "us"
[    15.802] (**) Option "xkb_options" "terminate:ctrl_alt_bksp"
[    15.803] (II) event0  - Sleep Button: is tagged by udev as: Keyboard
[    15.803] (II) event0  - Sleep Button: device is a keyboard
[    15.803] (II) config/udev: Adding input device Logitech K400 Plus (/dev/input/event14)
[    15.803] (**) Logitech K400 Plus: Applying InputClass "evdev pointer catchall"
[    15.803] (**) Logitech K400 Plus: Applying InputClass "evdev keyboard catchall"
[    15.803] (**) Logitech K400 Plus: Applying InputClass "libinput pointer catchall"
[    15.803] (**) Logitech K400 Plus: Applying InputClass "libinput keyboard catchall"
[    15.803] (**) Logitech K400 Plus: Applying InputClass "system-keyboard"
[    15.803] (**) Logitech K400 Plus: Applying InputClass "Keyboard Defaults"
[    15.803] (II) Using input driver 'libinput' for 'Logitech K400 Plus'
[    15.804] (II) systemd-logind: got fd for /dev/input/event14 13:78 fd 26 paused 0
[    15.804] (**) Logitech K400 Plus: always reports core events
[    15.804] (**) Option "Device" "/dev/input/event14"
[    15.804] (**) Option "_source" "server/udev"
[    15.805] (II) event14 - Logitech K400 Plus: is tagged by udev as: Keyboard Mouse
[    15.805] (II) event14 - Logitech K400 Plus: device is a pointer
[    15.805] (II) event14 - Logitech K400 Plus: device is a keyboard
[    15.805] (II) event14 - Logitech K400 Plus: device removed
[    15.805] (II) libinput: Logitech K400 Plus: needs a virtual subdevice
[    15.805] (**) Option "config_info" "udev:/sys/devices/pci0000:00/0000:00:14.0/usb1/1-6/1-6:1.2/0003:046D:C52B.0003/0003:046D:404D.0004/input/input26/event14"
[    15.805] (II) XINPUT: Adding extended input device "Logitech K400 Plus" (type: MOUSE, id 10)
[    15.805] (**) Option "AccelerationScheme" "none"
[    15.805] (**) Logitech K400 Plus: (accel) selected scheme none/0
[    15.805] (**) Logitech K400 Plus: (accel) acceleration factor: 2.000
[    15.805] (**) Logitech K400 Plus: (accel) acceleration threshold: 4
[    15.806] (II) event14 - Logitech K400 Plus: is tagged by udev as: Keyboard Mouse
[    15.806] (II) event14 - Logitech K400 Plus: device is a pointer
[    15.806] (II) event14 - Logitech K400 Plus: device is a keyboard
[    15.806] (II) config/udev: Adding input device Logitech K400 Plus (/dev/input/mouse0)
[    15.806] (**) Logitech K400 Plus: Applying InputClass "system-keyboard"
[    15.806] (**) Logitech K400 Plus: Applying InputClass "Keyboard Defaults"
[    15.806] (II) No input driver specified, ignoring this device.
[    15.806] (II) This device may have been added with another device file.
[    15.807] (II) config/udev: Adding input device HDA Intel PCH Rear Mic (/dev/input/event4)
[    15.807] (II) No input driver specified, ignoring this device.
[    15.807] (II) This device may have been added with another device file.
[    15.807] (II) config/udev: Adding input device HDA Intel PCH Headphone Mic (/dev/input/event5)
[    15.807] (II) No input driver specified, ignoring this device.
[    15.807] (II) This device may have been added with another device file.
[    15.807] (II) config/udev: Adding input device HDA Intel PCH Line (/dev/input/event6)
[    15.807] (II) No input driver specified, ignoring this device.
[    15.807] (II) This device may have been added with another device file.
[    15.807] (II) config/udev: Adding input device HDA Intel PCH Line Out (/dev/input/event9)
[    15.807] (II) No input driver specified, ignoring this device.
[    15.807] (II) This device may have been added with another device file.
[    15.807] (II) config/udev: Adding input device HDA Intel PCH HDMI/DP,pcm=3 (/dev/input/event8)
[    15.807] (II) No input driver specified, ignoring this device.
[    15.807] (II) This device may have been added with another device file.
[    15.808] (II) config/udev: Adding input device HDA Intel PCH HDMI/DP,pcm=7 (/dev/input/event10)
[    15.808] (II) No input driver specified, ignoring this device.
[    15.808] (II) This device may have been added with another device file.
[    15.808] (II) config/udev: Adding input device HDA Intel PCH HDMI/DP,pcm=8 (/dev/input/event11)
[    15.808] (II) No input driver specified, ignoring this device.
[    15.808] (II) This device may have been added with another device file.
[    15.808] (II) config/udev: Adding input device HDA Intel PCH HDMI/DP,pcm=9 (/dev/input/event12)
[    15.808] (II) No input driver specified, ignoring this device.
[    15.808] (II) This device may have been added with another device file.
[    15.808] (II) config/udev: Adding input device HDA Intel PCH HDMI/DP,pcm=10 (/dev/input/event13)
[    15.808] (II) No input driver specified, ignoring this device.
[    15.808] (II) This device may have been added with another device file.
[    15.808] (II) config/udev: Adding input device Dell WMI hotkeys (/dev/input/event3)
[    15.809] (**) Dell WMI hotkeys: Applying InputClass "evdev keyboard catchall"
[    15.809] (**) Dell WMI hotkeys: Applying InputClass "libinput keyboard catchall"
[    15.809] (**) Dell WMI hotkeys: Applying InputClass "system-keyboard"
[    15.809] (**) Dell WMI hotkeys: Applying InputClass "Keyboard Defaults"
[    15.809] (II) Using input driver 'libinput' for 'Dell WMI hotkeys'
[    15.809] (II) systemd-logind: got fd for /dev/input/event3 13:67 fd 27 paused 0
[    15.809] (**) Dell WMI hotkeys: always reports core events
[    15.809] (**) Option "Device" "/dev/input/event3"
[    15.809] (**) Option "_source" "server/udev"
[    15.810] (II) event3  - Dell WMI hotkeys: is tagged by udev as: Keyboard
[    15.810] (II) event3  - Dell WMI hotkeys: device is a keyboard
[    15.810] (II) event3  - Dell WMI hotkeys: device removed
[    15.810] (**) Option "config_info" "udev:/sys/devices/platform/PNP0C14:02/wmi_bus/wmi_bus-PNP0C14:02/9DBB5994-A997-11DA-B012-B622A1EF5492/input/input9/event3"
[    15.810] (II) XINPUT: Adding extended input device "Dell WMI hotkeys" (type: KEYBOARD, id 11)
[    15.810] (**) Option "xkb_layout" "us"
[    15.810] (**) Option "xkb_options" "terminate:ctrl_alt_bksp"
[    15.811] (II) event3  - Dell WMI hotkeys: is tagged by udev as: Keyboard
[    15.811] (II) event3  - Dell WMI hotkeys: device is a keyboard
[    15.822] (**) Logitech K400 Plus: Applying InputClass "evdev pointer catchall"
[    15.822] (**) Logitech K400 Plus: Applying InputClass "evdev keyboard catchall"
[    15.822] (**) Logitech K400 Plus: Applying InputClass "libinput pointer catchall"
[    15.822] (**) Logitech K400 Plus: Applying InputClass "libinput keyboard catchall"
[    15.822] (**) Logitech K400 Plus: Applying InputClass "system-keyboard"
[    15.822] (**) Logitech K400 Plus: Applying InputClass "Keyboard Defaults"
[    15.822] (II) Using input driver 'libinput' for 'Logitech K400 Plus'
[    15.822] (II) systemd-logind: returning pre-existing fd for /dev/input/event14 13:78
[    15.822] (**) Logitech K400 Plus: always reports core events
[    15.822] (**) Option "Device" "/dev/input/event14"
[    15.822] (**) Option "_source" "_driver/libinput"
[    15.822] (II) libinput: Logitech K400 Plus: is a virtual subdevice
[    15.822] (**) Option "config_info" "udev:/sys/devices/pci0000:00/0000:00:14.0/usb1/1-6/1-6:1.2/0003:046D:C52B.0003/0003:046D:404D.0004/input/input26/event14"
[    15.822] (II) XINPUT: Adding extended input device "Logitech K400 Plus" (type: KEYBOARD, id 12)
[    15.822] (**) Option "xkb_layout" "us"
[    15.822] (**) Option "xkb_options" "terminate:ctrl_alt_bksp"
[    16.839] (II) modeset(0): EDID vendor "GSM", prod id 1
[    16.839] (II) modeset(0): Using EDID range info for horizontal sync
[    16.839] (II) modeset(0): Using EDID range info for vertical refresh
[    16.839] (II) modeset(0): Printing DDC gathered Modelines:
[    16.839] (II) modeset(0): Modeline "1920x1080"x0.0  148.50  1920 2008 2052 2200  1080 1084 1089 1125 +hsync +vsync (67.5 kHz eP)
[    16.839] (II) modeset(0): Modeline "1360x768"x0.0   85.50  1360 1424 1536 1792  768 771 777 795 +hsync +vsync (47.7 kHz e)
[    16.839] (II) modeset(0): Modeline "1920x1080i"x0.0   74.25  1920 2008 2052 2200  1080 1084 1094 1125 interlace +hsync +vsync (33.8 kHz e)
[    16.839] (II) modeset(0): Modeline "1280x720"x0.0   74.25  1280 1390 1526 1664  720 725 730 746 +hsync -vsync (44.6 kHz e)
[    16.839] (II) modeset(0): Modeline "1920x1080"x0.0  148.50  1920 2448 2492 2640  1080 1084 1089 1125 +hsync +vsync (56.2 kHz e)
[    16.839] (II) modeset(0): Modeline "1280x720"x0.0   74.25  1280 1390 1430 1650  720 725 730 750 +hsync +vsync (45.0 kHz e)
[    16.839] (II) modeset(0): Modeline "1280x720"x0.0   74.25  1280 1720 1760 1980  720 725 730 750 +hsync +vsync (37.5 kHz e)
[    16.839] (II) modeset(0): Modeline "1920x1080i"x0.0   74.25  1920 2448 2492 2640  1080 1084 1094 1125 interlace +hsync +vsync (28.1 kHz e)
[    16.839] (II) modeset(0): Modeline "720x480"x0.0   27.00  720 736 798 858  480 489 495 525 -hsync -vsync (31.5 kHz e)
[    16.839] (II) modeset(0): Modeline "720x576"x0.0   27.00  720 732 796 864  576 581 586 625 -hsync -vsync (31.2 kHz e)
[    16.839] (II) modeset(0): Modeline "1920x1080"x0.0   74.25  1920 2558 2602 2750  1080 1084 1089 1125 +hsync +vsync (27.0 kHz e)
[    16.839] (II) modeset(0): Modeline "1920x1080"x0.0   74.25  1920 2448 2492 2640  1080 1084 1089 1125 +hsync +vsync (28.1 kHz e)
[    16.839] (II) modeset(0): Modeline "1920x1080"x0.0   74.25  1920 2008 2052 2200  1080 1084 1089 1125 +hsync +vsync (33.8 kHz e)
[    16.839] (II) modeset(0): Modeline "1440x576i"x0.0   27.00  1440 1464 1590 1728  576 580 586 625 interlace -hsync -vsync (15.6 kHz e)
[    16.839] (II) modeset(0): Modeline "640x480"x0.0   25.18  640 656 752 800  480 490 492 525 -hsync -vsync (31.5 kHz e)
[    16.839] (II) modeset(0): Modeline "800x600"x0.0   40.00  800 840 968 1056  600 601 605 628 +hsync +vsync (37.9 kHz e)
[    16.839] (II) modeset(0): Modeline "720x400"x0.0   28.32  720 738 846 900  400 412 414 449 -hsync +vsync (31.5 kHz e)
[    16.839] (II) modeset(0): Modeline "1024x768"x0.0   65.00  1024 1048 1184 1344  768 771 777 806 -hsync -vsync (48.4 kHz e)
[    16.839] (II) modeset(0): Modeline "1152x864"x60.0   81.62  1152 1216 1336 1520  864 865 868 895 -hsync +vsync (53.7 kHz e)
[    16.839] (II) modeset(0): Modeline "1280x1024"x0.0  108.00  1280 1328 1440 1688  1024 1025 1028 1066 +hsync +vsync (64.0 kHz e)
[    16.839] (--) modeset(0): HDMI max TMDS frequency 150000KHz
[    16.875] (II) modeset(0): Allocate new frame buffer 1280x720 stride
[    21.927] (EE) event14 - Logitech K400 Plus: client bug: event processing lagging behind by 14ms, your system is too slow
[   409.472] (**) Option "fd" "20"
[   409.472] (II) event2  - Power Button: device removed
[   409.472] (**) Option "fd" "23"
[   409.472] (II) event7  - Video Bus: device removed
[   409.472] (**) Option "fd" "24"
[   409.472] (II) event1  - Power Button: device removed
[   409.472] (**) Option "fd" "25"
[   409.472] (II) event0  - Sleep Button: device removed
[   409.472] (**) Option "fd" "26"
[   409.472] (**) Option "fd" "27"
[   409.472] (II) event3  - Dell WMI hotkeys: device removed
[   409.472] (**) Option "fd" "26"
[   409.472] (II) event14 - Logitech K400 Plus: device removed
[   409.478] (II) UnloadModule: "libinput"
[   409.478] (II) systemd-logind: not releasing fd for 13:78, still in use
[   409.478] (II) UnloadModule: "libinput"
[   409.478] (II) systemd-logind: releasing fd for 13:67
[   409.478] (II) UnloadModule: "libinput"
[   409.478] (II) systemd-logind: releasing fd for 13:78
[   409.479] (II) UnloadModule: "libinput"
[   409.479] (II) systemd-logind: releasing fd for 13:64
[   409.479] (II) UnloadModule: "libinput"
[   409.479] (II) systemd-logind: releasing fd for 13:65
[   409.479] (II) UnloadModule: "libinput"
[   409.479] (II) systemd-logind: releasing fd for 13:71
[   409.480] (II) UnloadModule: "libinput"
[   409.480] (II) systemd-logind: releasing fd for 13:66
[   409.495] (WW) xf86CloseConsole: KDSETMODE failed: Input/output error
[   409.495] (WW) xf86CloseConsole: VT_GETMODE failed: Input/output error
[   409.564] (II) Server terminated successfully (0). Closing log file.
