(N) 2021-02-12T20:36:10 - qBittorrent v4.3.3 started
(N) 2021-02-12T20:36:10 - Using config directory: /home/brett/.config/qBittorrent/
(I) 2021-02-12T20:36:10 - Trying to listen on: 0.0.0.0:23047,[::]:23047
(N) 2021-02-12T20:36:10 - Peer ID: -qB4330-
(N) 2021-02-12T20:36:10 - HTTP User-Agent is 'qBittorrent/4.3.3'
(I) 2021-02-12T20:36:10 - DHT support [ON]
(I) 2021-02-12T20:36:10 - Local Peer Discovery support [ON]
(I) 2021-02-12T20:36:10 - PeX support [ON]
(I) 2021-02-12T20:36:10 - Anonymous mode [ON]
(I) 2021-02-12T20:36:10 - Encryption support [ON]
(I) 2021-02-12T20:36:10 - UPnP / NAT-PMP support [ON]
(W) 2021-02-12T20:36:10 - Couldn't load IP geolocation database. Reason: No such file or directory
(N) 2021-02-12T20:36:11 - Options were saved successfully.
(I) 2021-02-12T20:36:11 - Successfully listening on IP: 127.0.0.1, port: TCP/23047
(I) 2021-02-12T20:36:11 - Successfully listening on IP: 127.0.0.1, port: UDP/23047
(I) 2021-02-12T20:36:11 - Successfully listening on IP: 192.168.3.11, port: TCP/23047
(I) 2021-02-12T20:36:11 - Successfully listening on IP: 192.168.3.11, port: UDP/23047
(I) 2021-02-12T20:36:11 - Successfully listening on IP: 192.168.3.33, port: TCP/23047
(I) 2021-02-12T20:36:11 - Successfully listening on IP: 192.168.3.33, port: UDP/23047
(I) 2021-02-12T20:36:11 - Successfully listening on IP: 10.56.0.26, port: TCP/23047
(I) 2021-02-12T20:36:11 - Successfully listening on IP: 10.56.0.26, port: UDP/23047
(I) 2021-02-12T20:36:11 - Successfully listening on IP: ::1, port: TCP/23047
(I) 2021-02-12T20:36:11 - Successfully listening on IP: ::1, port: UDP/23047
(I) 2021-02-12T20:36:11 - Successfully listening on IP: fe80::8397:1bed:d62a:f3c1%enp1s0, port: TCP/23047
(I) 2021-02-12T20:36:11 - Successfully listening on IP: fe80::8397:1bed:d62a:f3c1%enp1s0, port: UDP/23047
(I) 2021-02-12T20:36:11 - Successfully listening on IP: fe80::4d6d:ddbf:f915:f9e7%wlp0s20f0u7, port: TCP/23047
(I) 2021-02-12T20:36:11 - Successfully listening on IP: fe80::4d6d:ddbf:f915:f9e7%wlp0s20f0u7, port: UDP/23047
(I) 2021-02-12T20:36:11 - Successfully listening on IP: fe80::3f0a:ceff:e7cc:d343%tun0, port: TCP/23047
(I) 2021-02-12T20:36:11 - Successfully listening on IP: fe80::3f0a:ceff:e7cc:d343%tun0, port: UDP/23047
(I) 2021-02-12T20:36:11 - Python detected, executable name: 'python3', version: 3.9.1
(I) 2021-02-12T20:36:11 - UPnP/NAT-PMP: Port mapping successful, message: successfully mapped port using UPnP. external port: TCP/23047
(I) 2021-02-12T20:36:11 - IP geolocation database loaded. Type: DBIP-Country-Lite. Build time: Mon. Feb. 1 08:07:58 2021.
(I) 2021-02-12T20:36:11 - Successfully updated IP geolocation database.
(I) 2021-02-12T20:36:11 - UPnP/NAT-PMP: Port mapping successful, message: successfully mapped port using UPnP. external port: TCP/23047
(I) 2021-02-12T20:36:12 - UPnP/NAT-PMP: Port mapping successful, message: successfully mapped port using UPnP. external port: UDP/23047
(I) 2021-02-12T20:36:12 - UPnP/NAT-PMP: Port mapping successful, message: successfully mapped port using UPnP. external port: UDP/23047
(I) 2021-02-12T20:36:12 - Detected external IP: 45.146.54.41
(I) 2021-02-12T20:36:51 - Plugin "eztv" is outdated, updating to version 1.13
(I) 2021-02-12T20:36:51 - Plugin "jackett" is outdated, updating to version 3.5
(I) 2021-02-12T20:36:51 - Plugin "leetx" is outdated, updating to version 2.3
(I) 2021-02-12T20:36:51 - Plugin "legittorrents" is outdated, updating to version 2.5
(I) 2021-02-12T20:36:51 - Plugin "limetorrents" is outdated, updating to version 4.6
(I) 2021-02-12T20:36:51 - Plugin "piratebay" is outdated, updating to version 3.0
(I) 2021-02-12T20:36:51 - Plugin "rarbg" is outdated, updating to version 2.14
(I) 2021-02-12T20:36:51 - Plugin "torlock" is outdated, updating to version 2.2
(I) 2021-02-12T20:36:51 - Plugin "torrentscsv" is outdated, updating to version 1.1
(I) 2021-02-12T20:36:51 - Plugin "zooqle" is outdated, updating to version 1.14
(C) 2021-02-12T20:38:46 - UPnP/NAT-PMP: Port mapping failure, message: could not map port using UPnP: no router found
(C) 2021-02-12T20:38:46 - UPnP/NAT-PMP: Port mapping failure, message: could not map port using UPnP: no router found
(N) 2021-02-12T20:39:07 - Options were saved successfully.
(I) 2021-02-12T20:39:07 - Trying to listen on: tun0:23047
(C) 2021-02-12T20:39:08 - UPnP/NAT-PMP: Port mapping failure, message: could not map port using UPnP: unknown UPnP error (-1)
(C) 2021-02-12T20:39:08 - UPnP/NAT-PMP: Port mapping failure, message: could not map port using UPnP: unknown UPnP error (-1)
(C) 2021-02-12T20:39:08 - UPnP/NAT-PMP: Port mapping failure, message: could not map port using UPnP: unknown UPnP error (-1)
(C) 2021-02-12T20:39:08 - UPnP/NAT-PMP: Port mapping failure, message: could not map port using UPnP: unknown UPnP error (-1)
(N) 2021-02-12T20:41:03 - 'NCIS.S18E07.HDTV.x264-PHOENiX[eztv.re].mkv' added to download list.
(N) 2021-02-12T20:42:13 - 'NCIS.S18E07.HDTV.x264-PHOENiX[eztv.re].mkv' was removed from the transfer list.
(I) 2021-02-12T20:42:14 - UPnP / NAT-PMP support [OFF]
(N) 2021-02-13T09:08:18 - qBittorrent v4.3.3 started
(N) 2021-02-13T09:08:18 - Using config directory: /home/brett/.config/qBittorrent/
(C) 2021-02-13T09:08:18 - The network interface defined is invalid: tun0
(I) 2021-02-13T09:08:18 - Trying to listen on: tun0:23047
(N) 2021-02-13T09:08:18 - Peer ID: -qB4330-
(N) 2021-02-13T09:08:18 - HTTP User-Agent is 'qBittorrent/4.3.3'
(I) 2021-02-13T09:08:18 - DHT support [ON]
(I) 2021-02-13T09:08:18 - Local Peer Discovery support [ON]
(I) 2021-02-13T09:08:18 - PeX support [ON]
(I) 2021-02-13T09:08:18 - Anonymous mode [ON]
(I) 2021-02-13T09:08:18 - Encryption support [ON]
(I) 2021-02-13T09:08:18 - UPnP / NAT-PMP support [ON]
(I) 2021-02-13T09:08:18 - IP geolocation database loaded. Type: DBIP-Country-Lite. Build time: Mon. Feb. 1 08:07:58 2021.
(N) 2021-02-13T09:08:19 - Options were saved successfully.
(I) 2021-02-13T09:08:19 - Python detected, executable name: 'python3', version: 3.9.1
(N) 2021-02-13T09:09:12 - 'All.Rise.S02E08.HDTV.x264-PHOENiX[TGx]' added to download list.
(N) 2021-02-13T09:09:45 - Options were saved successfully.
(I) 2021-02-13T09:10:09 - Successfully listening on IP: fe80::1b4d:791a:36bb:90b4%tun0, port: TCP/23047
(I) 2021-02-13T09:10:09 - Successfully listening on IP: fe80::1b4d:791a:36bb:90b4%tun0, port: UDP/23047
(I) 2021-02-13T09:10:09 - Successfully listening on IP: 10.83.0.38, port: TCP/23047
(I) 2021-02-13T09:10:09 - Successfully listening on IP: 10.83.0.38, port: UDP/23047
(I) 2021-02-13T09:10:09 - Network configuration of tun0 has changed, refreshing session binding
(I) 2021-02-13T09:10:09 - Trying to listen on: tun0:23047
(I) 2021-02-13T09:10:09 - Network configuration of tun0 has changed, refreshing session binding
(I) 2021-02-13T09:10:09 - Network configuration of tun0 has changed, refreshing session binding
(I) 2021-02-13T09:10:09 - Trying to listen on: tun0:23047
(I) 2021-02-13T09:10:18 - Network configuration of tun0 has changed, refreshing session binding
(I) 2021-02-13T09:10:18 - Trying to listen on: tun0:23047
(I) 2021-02-13T09:11:05 - UPnP / NAT-PMP support [OFF]
(N) 2021-02-13T09:11:09 - qBittorrent v4.3.3 started
(N) 2021-02-13T09:11:09 - Using config directory: /home/brett/.config/qBittorrent/
(I) 2021-02-13T09:11:09 - Trying to listen on: tun0:23047
(N) 2021-02-13T09:11:09 - Peer ID: -qB4330-
(N) 2021-02-13T09:11:09 - HTTP User-Agent is 'qBittorrent/4.3.3'
(I) 2021-02-13T09:11:09 - DHT support [ON]
(I) 2021-02-13T09:11:09 - Local Peer Discovery support [ON]
(I) 2021-02-13T09:11:09 - PeX support [ON]
(I) 2021-02-13T09:11:09 - Anonymous mode [ON]
(I) 2021-02-13T09:11:09 - Encryption support [ON]
(I) 2021-02-13T09:11:09 - UPnP / NAT-PMP support [ON]
(I) 2021-02-13T09:11:09 - IP geolocation database loaded. Type: DBIP-Country-Lite. Build time: Mon. Feb. 1 08:07:58 2021.
(N) 2021-02-13T09:11:09 - Options were saved successfully.
(I) 2021-02-13T09:11:09 - Successfully listening on IP: 10.83.0.38, port: TCP/23047
(I) 2021-02-13T09:11:09 - Successfully listening on IP: 10.83.0.38, port: UDP/23047
(I) 2021-02-13T09:11:09 - Successfully listening on IP: fe80::1b4d:791a:36bb:90b4%tun0, port: TCP/23047
(I) 2021-02-13T09:11:09 - Successfully listening on IP: fe80::1b4d:791a:36bb:90b4%tun0, port: UDP/23047
(N) 2021-02-13T09:11:09 - 'All.Rise.S02E08.HDTV.x264-PHOENiX[TGx]' restored.
(I) 2021-02-13T09:11:09 - Python detected, executable name: 'python3', version: 3.9.1
(I) 2021-02-13T09:11:10 - Detected external IP: 45.146.54.49
(N) 2021-02-13T09:12:19 - 'All.Rise.S02E08.HDTV.x264-PHOENiX[TGx]' was removed from the transfer list.
(I) 2021-02-13T09:12:20 - UPnP / NAT-PMP support [OFF]
